2019-08-21 06:05:35 | 1476 | 1566367535.648 | [type]: E_NOTICE[msg]: Use of undefined constant APP_CONFIG - assumed 'APP_CONFIG' [file]: D:\www\kxgame_test\kernel\z.class.php [line]: 130
2019-08-21 06:05:35 | 1476 | 1566367535.648 | [type]: E_WARNING[msg]: include_once(APP_CONFIGenv/release/mysql_cn.php): failed to open stream: No such file or directory [file]: D:\www\kxgame_test\kernel\z.class.php [line]: 130
2019-08-21 06:05:35 | 1476 | 1566367535.648 | [type]: E_WARNING[msg]: include_once(): Failed opening 'APP_CONFIGenv/release/mysql_cn.php' for inclusion (include_path='.;C:\php\pear') [file]: D:\www\kxgame_test\kernel\z.class.php [line]: 130
2019-08-21 06:05:35 | 1476 | 1566367535.648 | [type]: E_NOTICE[msg]: Use of undefined constant APP_CONFIG - assumed 'APP_CONFIG' [file]: D:\www\kxgame_test\kernel\z.class.php [line]: 131
2019-08-21 06:05:35 | 1476 | 1566367535.648 | [type]: E_WARNING[msg]: include_once(APP_CONFIGenv/release/redis_cn.php): failed to open stream: No such file or directory [file]: D:\www\kxgame_test\kernel\z.class.php [line]: 131
2019-08-21 06:05:35 | 1476 | 1566367535.649 | [type]: E_WARNING[msg]: include_once(): Failed opening 'APP_CONFIGenv/release/redis_cn.php' for inclusion (include_path='.;C:\php\pear') [file]: D:\www\kxgame_test\kernel\z.class.php [line]: 131
2019-08-21 06:05:35 | 1476 | 1566367535.649 | [type]: E_NOTICE[msg]: Use of undefined constant APP_CONFIG - assumed 'APP_CONFIG' [file]: D:\www\kxgame_test\kernel\z.class.php [line]: 132
2019-08-21 06:05:35 | 1476 | 1566367535.649 | [type]: E_WARNING[msg]: include_once(APP_CONFIGenv/release/domain_cn.php): failed to open stream: No such file or directory [file]: D:\www\kxgame_test\kernel\z.class.php [line]: 132
2019-08-21 06:05:35 | 1476 | 1566367535.649 | [type]: E_WARNING[msg]: include_once(): Failed opening 'APP_CONFIGenv/release/domain_cn.php' for inclusion (include_path='.;C:\php\pear') [file]: D:\www\kxgame_test\kernel\z.class.php [line]: 132
2019-08-21 06:15:26 | 8236 | 1566368126.632 | [type]: E_NOTICE[msg]: Use of undefined constant APP_CONFIG - assumed 'APP_CONFIG' [file]: D:\www\kxgame_test\kernel\z.class.php [line]: 130
2019-08-21 06:15:26 | 8236 | 1566368126.632 | [type]: E_WARNING[msg]: include_once(APP_CONFIGenv/release/mysql_cn.php): failed to open stream: No such file or directory [file]: D:\www\kxgame_test\kernel\z.class.php [line]: 130
2019-08-21 06:15:26 | 8236 | 1566368126.632 | [type]: E_WARNING[msg]: include_once(): Failed opening 'APP_CONFIGenv/release/mysql_cn.php' for inclusion (include_path='.;C:\php\pear') [file]: D:\www\kxgame_test\kernel\z.class.php [line]: 130
2019-08-21 06:15:26 | 8236 | 1566368126.632 | [type]: E_NOTICE[msg]: Use of undefined constant APP_CONFIG - assumed 'APP_CONFIG' [file]: D:\www\kxgame_test\kernel\z.class.php [line]: 131
2019-08-21 06:15:26 | 8236 | 1566368126.632 | [type]: E_WARNING[msg]: include_once(APP_CONFIGenv/release/redis_cn.php): failed to open stream: No such file or directory [file]: D:\www\kxgame_test\kernel\z.class.php [line]: 131
2019-08-21 06:15:26 | 8236 | 1566368126.632 | [type]: E_WARNING[msg]: include_once(): Failed opening 'APP_CONFIGenv/release/redis_cn.php' for inclusion (include_path='.;C:\php\pear') [file]: D:\www\kxgame_test\kernel\z.class.php [line]: 131
2019-08-21 06:15:26 | 8236 | 1566368126.632 | [type]: E_NOTICE[msg]: Use of undefined constant APP_CONFIG - assumed 'APP_CONFIG' [file]: D:\www\kxgame_test\kernel\z.class.php [line]: 132
2019-08-21 06:15:26 | 8236 | 1566368126.632 | [type]: E_WARNING[msg]: include_once(APP_CONFIGenv/release/domain_cn.php): failed to open stream: No such file or directory [file]: D:\www\kxgame_test\kernel\z.class.php [line]: 132
2019-08-21 06:15:26 | 8236 | 1566368126.632 | [type]: E_WARNING[msg]: include_once(): Failed opening 'APP_CONFIGenv/release/domain_cn.php' for inclusion (include_path='.;C:\php\pear') [file]: D:\www\kxgame_test\kernel\z.class.php [line]: 132
2019-08-21 06:15:29 | 10408 | 1566368129.223 | [type]: E_NOTICE[msg]: Use of undefined constant APP_CONFIG - assumed 'APP_CONFIG' [file]: D:\www\kxgame_test\kernel\z.class.php [line]: 130
2019-08-21 06:15:29 | 10408 | 1566368129.224 | [type]: E_WARNING[msg]: include_once(APP_CONFIGenv/release/mysql_cn.php): failed to open stream: No such file or directory [file]: D:\www\kxgame_test\kernel\z.class.php [line]: 130
2019-08-21 06:15:29 | 10408 | 1566368129.224 | [type]: E_WARNING[msg]: include_once(): Failed opening 'APP_CONFIGenv/release/mysql_cn.php' for inclusion (include_path='.;C:\php\pear') [file]: D:\www\kxgame_test\kernel\z.class.php [line]: 130
2019-08-21 06:15:29 | 10408 | 1566368129.224 | [type]: E_NOTICE[msg]: Use of undefined constant APP_CONFIG - assumed 'APP_CONFIG' [file]: D:\www\kxgame_test\kernel\z.class.php [line]: 131
2019-08-21 06:15:29 | 10408 | 1566368129.224 | [type]: E_WARNING[msg]: include_once(APP_CONFIGenv/release/redis_cn.php): failed to open stream: No such file or directory [file]: D:\www\kxgame_test\kernel\z.class.php [line]: 131
2019-08-21 06:15:29 | 10408 | 1566368129.224 | [type]: E_WARNING[msg]: include_once(): Failed opening 'APP_CONFIGenv/release/redis_cn.php' for inclusion (include_path='.;C:\php\pear') [file]: D:\www\kxgame_test\kernel\z.class.php [line]: 131
2019-08-21 06:15:29 | 10408 | 1566368129.224 | [type]: E_NOTICE[msg]: Use of undefined constant APP_CONFIG - assumed 'APP_CONFIG' [file]: D:\www\kxgame_test\kernel\z.class.php [line]: 132
2019-08-21 06:15:29 | 10408 | 1566368129.224 | [type]: E_WARNING[msg]: include_once(APP_CONFIGenv/release/domain_cn.php): failed to open stream: No such file or directory [file]: D:\www\kxgame_test\kernel\z.class.php [line]: 132
2019-08-21 06:15:29 | 10408 | 1566368129.224 | [type]: E_WARNING[msg]: include_once(): Failed opening 'APP_CONFIGenv/release/domain_cn.php' for inclusion (include_path='.;C:\php\pear') [file]: D:\www\kxgame_test\kernel\z.class.php [line]: 132
2019-08-21 06:15:40 | 1816 | 1566368140.45 | [type]: E_NOTICE[msg]: Use of undefined constant APP_CONFIG - assumed 'APP_CONFIG' [file]: D:\www\kxgame_test\kernel\z.class.php [line]: 130
2019-08-21 06:15:40 | 1816 | 1566368140.45 | [type]: E_WARNING[msg]: include_once(APP_CONFIGenv/release/mysql_cn.php): failed to open stream: No such file or directory [file]: D:\www\kxgame_test\kernel\z.class.php [line]: 130
2019-08-21 06:15:40 | 1816 | 1566368140.45 | [type]: E_WARNING[msg]: include_once(): Failed opening 'APP_CONFIGenv/release/mysql_cn.php' for inclusion (include_path='.;C:\php\pear') [file]: D:\www\kxgame_test\kernel\z.class.php [line]: 130
2019-08-21 06:15:40 | 1816 | 1566368140.45 | [type]: E_NOTICE[msg]: Use of undefined constant APP_CONFIG - assumed 'APP_CONFIG' [file]: D:\www\kxgame_test\kernel\z.class.php [line]: 131
2019-08-21 06:15:40 | 1816 | 1566368140.45 | [type]: E_WARNING[msg]: include_once(APP_CONFIGenv/release/redis_cn.php): failed to open stream: No such file or directory [file]: D:\www\kxgame_test\kernel\z.class.php [line]: 131
2019-08-21 06:15:40 | 1816 | 1566368140.46 | [type]: E_WARNING[msg]: include_once(): Failed opening 'APP_CONFIGenv/release/redis_cn.php' for inclusion (include_path='.;C:\php\pear') [file]: D:\www\kxgame_test\kernel\z.class.php [line]: 131
2019-08-21 06:15:40 | 1816 | 1566368140.46 | [type]: E_NOTICE[msg]: Use of undefined constant APP_CONFIG - assumed 'APP_CONFIG' [file]: D:\www\kxgame_test\kernel\z.class.php [line]: 132
2019-08-21 06:15:40 | 1816 | 1566368140.46 | [type]: E_WARNING[msg]: include_once(APP_CONFIGenv/release/domain_cn.php): failed to open stream: No such file or directory [file]: D:\www\kxgame_test\kernel\z.class.php [line]: 132
2019-08-21 06:15:40 | 1816 | 1566368140.46 | [type]: E_WARNING[msg]: include_once(): Failed opening 'APP_CONFIGenv/release/domain_cn.php' for inclusion (include_path='.;C:\php\pear') [file]: D:\www\kxgame_test\kernel\z.class.php [line]: 132
2019-08-21 06:17:42 | 1476 | 1566368262.370 | [type]: E_NOTICE[msg]: Use of undefined constant APP_CONFIG - assumed 'APP_CONFIG' [file]: D:\www\kxgame_test\kernel\z.class.php [line]: 130
2019-08-21 06:17:42 | 1476 | 1566368262.370 | [type]: E_WARNING[msg]: include_once(APP_CONFIGenv/release/mysql_cn.php): failed to open stream: No such file or directory [file]: D:\www\kxgame_test\kernel\z.class.php [line]: 130
2019-08-21 06:17:42 | 1476 | 1566368262.370 | [type]: E_WARNING[msg]: include_once(): Failed opening 'APP_CONFIGenv/release/mysql_cn.php' for inclusion (include_path='.;C:\php\pear') [file]: D:\www\kxgame_test\kernel\z.class.php [line]: 130
2019-08-21 06:17:42 | 1476 | 1566368262.370 | [type]: E_NOTICE[msg]: Use of undefined constant APP_CONFIG - assumed 'APP_CONFIG' [file]: D:\www\kxgame_test\kernel\z.class.php [line]: 131
2019-08-21 06:17:42 | 1476 | 1566368262.370 | [type]: E_WARNING[msg]: include_once(APP_CONFIGenv/release/redis_cn.php): failed to open stream: No such file or directory [file]: D:\www\kxgame_test\kernel\z.class.php [line]: 131
2019-08-21 06:17:42 | 1476 | 1566368262.370 | [type]: E_WARNING[msg]: include_once(): Failed opening 'APP_CONFIGenv/release/redis_cn.php' for inclusion (include_path='.;C:\php\pear') [file]: D:\www\kxgame_test\kernel\z.class.php [line]: 131
2019-08-21 06:17:42 | 1476 | 1566368262.370 | [type]: E_NOTICE[msg]: Use of undefined constant APP_CONFIG - assumed 'APP_CONFIG' [file]: D:\www\kxgame_test\kernel\z.class.php [line]: 132
2019-08-21 06:17:42 | 1476 | 1566368262.370 | [type]: E_WARNING[msg]: include_once(APP_CONFIGenv/release/domain_cn.php): failed to open stream: No such file or directory [file]: D:\www\kxgame_test\kernel\z.class.php [line]: 132
2019-08-21 06:17:42 | 1476 | 1566368262.370 | [type]: E_WARNING[msg]: include_once(): Failed opening 'APP_CONFIGenv/release/domain_cn.php' for inclusion (include_path='.;C:\php\pear') [file]: D:\www\kxgame_test\kernel\z.class.php [line]: 132
2019-08-21 06:18:11 | 1476 | 1566368291.994 | [type]: E_NOTICE[msg]: Use of undefined constant APP_CONFIG - assumed 'APP_CONFIG' [file]: D:\www\kxgame_test\kernel\z.class.php [line]: 130
2019-08-21 06:18:11 | 1476 | 1566368291.995 | [type]: E_WARNING[msg]: include_once(APP_CONFIGenv/release/mysql_cn.php): failed to open stream: No such file or directory [file]: D:\www\kxgame_test\kernel\z.class.php [line]: 130
2019-08-21 06:18:11 | 1476 | 1566368291.995 | [type]: E_WARNING[msg]: include_once(): Failed opening 'APP_CONFIGenv/release/mysql_cn.php' for inclusion (include_path='.;C:\php\pear') [file]: D:\www\kxgame_test\kernel\z.class.php [line]: 130
2019-08-21 06:18:11 | 1476 | 1566368291.995 | [type]: E_NOTICE[msg]: Use of undefined constant APP_CONFIG - assumed 'APP_CONFIG' [file]: D:\www\kxgame_test\kernel\z.class.php [line]: 131
2019-08-21 06:18:11 | 1476 | 1566368291.995 | [type]: E_WARNING[msg]: include_once(APP_CONFIGenv/release/redis_cn.php): failed to open stream: No such file or directory [file]: D:\www\kxgame_test\kernel\z.class.php [line]: 131
2019-08-21 06:18:11 | 1476 | 1566368291.995 | [type]: E_WARNING[msg]: include_once(): Failed opening 'APP_CONFIGenv/release/redis_cn.php' for inclusion (include_path='.;C:\php\pear') [file]: D:\www\kxgame_test\kernel\z.class.php [line]: 131
2019-08-21 06:18:11 | 1476 | 1566368291.995 | [type]: E_NOTICE[msg]: Use of undefined constant APP_CONFIG - assumed 'APP_CONFIG' [file]: D:\www\kxgame_test\kernel\z.class.php [line]: 132
2019-08-21 06:18:11 | 1476 | 1566368291.995 | [type]: E_WARNING[msg]: include_once(APP_CONFIGenv/release/domain_cn.php): failed to open stream: No such file or directory [file]: D:\www\kxgame_test\kernel\z.class.php [line]: 132
2019-08-21 06:18:11 | 1476 | 1566368291.995 | [type]: E_WARNING[msg]: include_once(): Failed opening 'APP_CONFIGenv/release/domain_cn.php' for inclusion (include_path='.;C:\php\pear') [file]: D:\www\kxgame_test\kernel\z.class.php [line]: 132
2019-08-21 06:18:12 | 1476 | 1566368292.710 | [type]: E_NOTICE[msg]: Use of undefined constant APP_CONFIG - assumed 'APP_CONFIG' [file]: D:\www\kxgame_test\kernel\z.class.php [line]: 130
2019-08-21 06:18:12 | 1476 | 1566368292.710 | [type]: E_WARNING[msg]: include_once(APP_CONFIGenv/release/mysql_cn.php): failed to open stream: No such file or directory [file]: D:\www\kxgame_test\kernel\z.class.php [line]: 130
2019-08-21 06:18:12 | 1476 | 1566368292.710 | [type]: E_WARNING[msg]: include_once(): Failed opening 'APP_CONFIGenv/release/mysql_cn.php' for inclusion (include_path='.;C:\php\pear') [file]: D:\www\kxgame_test\kernel\z.class.php [line]: 130
2019-08-21 06:18:12 | 1476 | 1566368292.710 | [type]: E_NOTICE[msg]: Use of undefined constant APP_CONFIG - assumed 'APP_CONFIG' [file]: D:\www\kxgame_test\kernel\z.class.php [line]: 131
2019-08-21 06:18:12 | 1476 | 1566368292.710 | [type]: E_WARNING[msg]: include_once(APP_CONFIGenv/release/redis_cn.php): failed to open stream: No such file or directory [file]: D:\www\kxgame_test\kernel\z.class.php [line]: 131
2019-08-21 06:18:12 | 1476 | 1566368292.711 | [type]: E_WARNING[msg]: include_once(): Failed opening 'APP_CONFIGenv/release/redis_cn.php' for inclusion (include_path='.;C:\php\pear') [file]: D:\www\kxgame_test\kernel\z.class.php [line]: 131
2019-08-21 06:18:12 | 1476 | 1566368292.711 | [type]: E_NOTICE[msg]: Use of undefined constant APP_CONFIG - assumed 'APP_CONFIG' [file]: D:\www\kxgame_test\kernel\z.class.php [line]: 132
2019-08-21 06:18:12 | 1476 | 1566368292.711 | [type]: E_WARNING[msg]: include_once(APP_CONFIGenv/release/domain_cn.php): failed to open stream: No such file or directory [file]: D:\www\kxgame_test\kernel\z.class.php [line]: 132
2019-08-21 06:18:12 | 1476 | 1566368292.711 | [type]: E_WARNING[msg]: include_once(): Failed opening 'APP_CONFIGenv/release/domain_cn.php' for inclusion (include_path='.;C:\php\pear') [file]: D:\www\kxgame_test\kernel\z.class.php [line]: 132
2019-08-21 06:18:12 | 1476 | 1566368292.821 | [type]: E_NOTICE[msg]: Use of undefined constant APP_CONFIG - assumed 'APP_CONFIG' [file]: D:\www\kxgame_test\kernel\z.class.php [line]: 130
2019-08-21 06:18:12 | 1476 | 1566368292.821 | [type]: E_WARNING[msg]: include_once(APP_CONFIGenv/release/mysql_cn.php): failed to open stream: No such file or directory [file]: D:\www\kxgame_test\kernel\z.class.php [line]: 130
2019-08-21 06:18:12 | 1476 | 1566368292.821 | [type]: E_WARNING[msg]: include_once(): Failed opening 'APP_CONFIGenv/release/mysql_cn.php' for inclusion (include_path='.;C:\php\pear') [file]: D:\www\kxgame_test\kernel\z.class.php [line]: 130
2019-08-21 06:18:12 | 1476 | 1566368292.821 | [type]: E_NOTICE[msg]: Use of undefined constant APP_CONFIG - assumed 'APP_CONFIG' [file]: D:\www\kxgame_test\kernel\z.class.php [line]: 131
2019-08-21 06:18:12 | 1476 | 1566368292.821 | [type]: E_WARNING[msg]: include_once(APP_CONFIGenv/release/redis_cn.php): failed to open stream: No such file or directory [file]: D:\www\kxgame_test\kernel\z.class.php [line]: 131
2019-08-21 06:18:12 | 1476 | 1566368292.822 | [type]: E_WARNING[msg]: include_once(): Failed opening 'APP_CONFIGenv/release/redis_cn.php' for inclusion (include_path='.;C:\php\pear') [file]: D:\www\kxgame_test\kernel\z.class.php [line]: 131
2019-08-21 06:18:12 | 1476 | 1566368292.822 | [type]: E_NOTICE[msg]: Use of undefined constant APP_CONFIG - assumed 'APP_CONFIG' [file]: D:\www\kxgame_test\kernel\z.class.php [line]: 132
2019-08-21 06:18:12 | 1476 | 1566368292.822 | [type]: E_WARNING[msg]: include_once(APP_CONFIGenv/release/domain_cn.php): failed to open stream: No such file or directory [file]: D:\www\kxgame_test\kernel\z.class.php [line]: 132
2019-08-21 06:18:12 | 1476 | 1566368292.822 | [type]: E_WARNING[msg]: include_once(): Failed opening 'APP_CONFIGenv/release/domain_cn.php' for inclusion (include_path='.;C:\php\pear') [file]: D:\www\kxgame_test\kernel\z.class.php [line]: 132
2019-08-21 06:18:12 | 1476 | 1566368292.959 | [type]: E_NOTICE[msg]: Use of undefined constant APP_CONFIG - assumed 'APP_CONFIG' [file]: D:\www\kxgame_test\kernel\z.class.php [line]: 130
2019-08-21 06:18:12 | 1476 | 1566368292.959 | [type]: E_WARNING[msg]: include_once(APP_CONFIGenv/release/mysql_cn.php): failed to open stream: No such file or directory [file]: D:\www\kxgame_test\kernel\z.class.php [line]: 130
2019-08-21 06:18:12 | 1476 | 1566368292.959 | [type]: E_WARNING[msg]: include_once(): Failed opening 'APP_CONFIGenv/release/mysql_cn.php' for inclusion (include_path='.;C:\php\pear') [file]: D:\www\kxgame_test\kernel\z.class.php [line]: 130
2019-08-21 06:18:12 | 1476 | 1566368292.959 | [type]: E_NOTICE[msg]: Use of undefined constant APP_CONFIG - assumed 'APP_CONFIG' [file]: D:\www\kxgame_test\kernel\z.class.php [line]: 131
2019-08-21 06:18:12 | 1476 | 1566368292.960 | [type]: E_WARNING[msg]: include_once(APP_CONFIGenv/release/redis_cn.php): failed to open stream: No such file or directory [file]: D:\www\kxgame_test\kernel\z.class.php [line]: 131
2019-08-21 06:18:12 | 1476 | 1566368292.960 | [type]: E_WARNING[msg]: include_once(): Failed opening 'APP_CONFIGenv/release/redis_cn.php' for inclusion (include_path='.;C:\php\pear') [file]: D:\www\kxgame_test\kernel\z.class.php [line]: 131
2019-08-21 06:18:12 | 1476 | 1566368292.960 | [type]: E_NOTICE[msg]: Use of undefined constant APP_CONFIG - assumed 'APP_CONFIG' [file]: D:\www\kxgame_test\kernel\z.class.php [line]: 132
2019-08-21 06:18:12 | 1476 | 1566368292.960 | [type]: E_WARNING[msg]: include_once(APP_CONFIGenv/release/domain_cn.php): failed to open stream: No such file or directory [file]: D:\www\kxgame_test\kernel\z.class.php [line]: 132
2019-08-21 06:18:12 | 1476 | 1566368292.960 | [type]: E_WARNING[msg]: include_once(): Failed opening 'APP_CONFIGenv/release/domain_cn.php' for inclusion (include_path='.;C:\php\pear') [file]: D:\www\kxgame_test\kernel\z.class.php [line]: 132
2019-08-21 06:18:33 | 1476 | 1566368313.348 | [type]: E_NOTICE[msg]: Use of undefined constant APP_CONFIG - assumed 'APP_CONFIG' [file]: D:\www\kxgame_test\kernel\z.class.php [line]: 130
2019-08-21 06:18:33 | 1476 | 1566368313.348 | [type]: E_WARNING[msg]: include_once(APP_CONFIGenv/release/mysql_cn.php): failed to open stream: No such file or directory [file]: D:\www\kxgame_test\kernel\z.class.php [line]: 130
2019-08-21 06:18:33 | 1476 | 1566368313.348 | [type]: E_WARNING[msg]: include_once(): Failed opening 'APP_CONFIGenv/release/mysql_cn.php' for inclusion (include_path='.;C:\php\pear') [file]: D:\www\kxgame_test\kernel\z.class.php [line]: 130
2019-08-21 06:18:33 | 1476 | 1566368313.348 | [type]: E_NOTICE[msg]: Use of undefined constant APP_CONFIG - assumed 'APP_CONFIG' [file]: D:\www\kxgame_test\kernel\z.class.php [line]: 131
2019-08-21 06:18:33 | 1476 | 1566368313.348 | [type]: E_WARNING[msg]: include_once(APP_CONFIGenv/release/redis_cn.php): failed to open stream: No such file or directory [file]: D:\www\kxgame_test\kernel\z.class.php [line]: 131
2019-08-21 06:18:33 | 1476 | 1566368313.348 | [type]: E_WARNING[msg]: include_once(): Failed opening 'APP_CONFIGenv/release/redis_cn.php' for inclusion (include_path='.;C:\php\pear') [file]: D:\www\kxgame_test\kernel\z.class.php [line]: 131
2019-08-21 06:18:33 | 1476 | 1566368313.348 | [type]: E_NOTICE[msg]: Use of undefined constant APP_CONFIG - assumed 'APP_CONFIG' [file]: D:\www\kxgame_test\kernel\z.class.php [line]: 132
2019-08-21 06:18:33 | 1476 | 1566368313.348 | [type]: E_WARNING[msg]: include_once(APP_CONFIGenv/release/domain_cn.php): failed to open stream: No such file or directory [file]: D:\www\kxgame_test\kernel\z.class.php [line]: 132
2019-08-21 06:18:33 | 1476 | 1566368313.348 | [type]: E_WARNING[msg]: include_once(): Failed opening 'APP_CONFIGenv/release/domain_cn.php' for inclusion (include_path='.;C:\php\pear') [file]: D:\www\kxgame_test\kernel\z.class.php [line]: 132
2019-08-21 06:18:33 | 1476 | 1566368313.348 | [type]: E_NOTICE[msg]: Use of undefined constant APP_CONFIG - assumed 'APP_CONFIG' [file]: D:\www\kxgame_test\kernel\z.class.php [line]: 133
2019-08-21 06:19:03 | 1476 | 1566368343.809 | [type]: E_NOTICE[msg]: Use of undefined constant APP_CONFIG - assumed 'APP_CONFIG' [file]: D:\www\kxgame_test\kernel\z.class.php [line]: 130
2019-08-21 06:19:03 | 1476 | 1566368343.809 | [type]: E_WARNING[msg]: include_once(APP_CONFIG/env/release/mysql_cn.php): failed to open stream: No such file or directory [file]: D:\www\kxgame_test\kernel\z.class.php [line]: 130
2019-08-21 06:19:03 | 1476 | 1566368343.809 | [type]: E_WARNING[msg]: include_once(): Failed opening 'APP_CONFIG/env/release/mysql_cn.php' for inclusion (include_path='.;C:\php\pear') [file]: D:\www\kxgame_test\kernel\z.class.php [line]: 130
2019-08-21 06:19:03 | 1476 | 1566368343.809 | [type]: E_NOTICE[msg]: Use of undefined constant APP_CONFIG - assumed 'APP_CONFIG' [file]: D:\www\kxgame_test\kernel\z.class.php [line]: 131
2019-08-21 06:19:03 | 1476 | 1566368343.809 | [type]: E_WARNING[msg]: include_once(APP_CONFIG/env/release/redis_cn.php): failed to open stream: No such file or directory [file]: D:\www\kxgame_test\kernel\z.class.php [line]: 131
2019-08-21 06:19:03 | 1476 | 1566368343.809 | [type]: E_WARNING[msg]: include_once(): Failed opening 'APP_CONFIG/env/release/redis_cn.php' for inclusion (include_path='.;C:\php\pear') [file]: D:\www\kxgame_test\kernel\z.class.php [line]: 131
2019-08-21 06:19:03 | 1476 | 1566368343.809 | [type]: E_NOTICE[msg]: Use of undefined constant APP_CONFIG - assumed 'APP_CONFIG' [file]: D:\www\kxgame_test\kernel\z.class.php [line]: 132
2019-08-21 06:19:03 | 1476 | 1566368343.810 | [type]: E_WARNING[msg]: include_once(APP_CONFIG/env/release/domain_cn.php): failed to open stream: No such file or directory [file]: D:\www\kxgame_test\kernel\z.class.php [line]: 132
2019-08-21 06:19:03 | 1476 | 1566368343.810 | [type]: E_WARNING[msg]: include_once(): Failed opening 'APP_CONFIG/env/release/domain_cn.php' for inclusion (include_path='.;C:\php\pear') [file]: D:\www\kxgame_test\kernel\z.class.php [line]: 132
2019-08-21 06:19:04 | 1476 | 1566368344.993 | [type]: E_NOTICE[msg]: Use of undefined constant APP_CONFIG - assumed 'APP_CONFIG' [file]: D:\www\kxgame_test\kernel\z.class.php [line]: 130
2019-08-21 06:19:04 | 1476 | 1566368344.994 | [type]: E_WARNING[msg]: include_once(APP_CONFIG/env/release/mysql_cn.php): failed to open stream: No such file or directory [file]: D:\www\kxgame_test\kernel\z.class.php [line]: 130
2019-08-21 06:19:04 | 1476 | 1566368344.994 | [type]: E_WARNING[msg]: include_once(): Failed opening 'APP_CONFIG/env/release/mysql_cn.php' for inclusion (include_path='.;C:\php\pear') [file]: D:\www\kxgame_test\kernel\z.class.php [line]: 130
2019-08-21 06:19:04 | 1476 | 1566368344.994 | [type]: E_NOTICE[msg]: Use of undefined constant APP_CONFIG - assumed 'APP_CONFIG' [file]: D:\www\kxgame_test\kernel\z.class.php [line]: 131
2019-08-21 06:19:04 | 1476 | 1566368344.994 | [type]: E_WARNING[msg]: include_once(APP_CONFIG/env/release/redis_cn.php): failed to open stream: No such file or directory [file]: D:\www\kxgame_test\kernel\z.class.php [line]: 131
2019-08-21 06:19:04 | 1476 | 1566368344.994 | [type]: E_WARNING[msg]: include_once(): Failed opening 'APP_CONFIG/env/release/redis_cn.php' for inclusion (include_path='.;C:\php\pear') [file]: D:\www\kxgame_test\kernel\z.class.php [line]: 131
2019-08-21 06:19:04 | 1476 | 1566368344.994 | [type]: E_NOTICE[msg]: Use of undefined constant APP_CONFIG - assumed 'APP_CONFIG' [file]: D:\www\kxgame_test\kernel\z.class.php [line]: 132
2019-08-21 06:19:04 | 1476 | 1566368344.994 | [type]: E_WARNING[msg]: include_once(APP_CONFIG/env/release/domain_cn.php): failed to open stream: No such file or directory [file]: D:\www\kxgame_test\kernel\z.class.php [line]: 132
2019-08-21 06:19:04 | 1476 | 1566368344.994 | [type]: E_WARNING[msg]: include_once(): Failed opening 'APP_CONFIG/env/release/domain_cn.php' for inclusion (include_path='.;C:\php\pear') [file]: D:\www\kxgame_test\kernel\z.class.php [line]: 132
2019-08-21 06:19:05 | 1476 | 1566368345.150 | [type]: E_NOTICE[msg]: Use of undefined constant APP_CONFIG - assumed 'APP_CONFIG' [file]: D:\www\kxgame_test\kernel\z.class.php [line]: 130
2019-08-21 06:19:05 | 1476 | 1566368345.150 | [type]: E_WARNING[msg]: include_once(APP_CONFIG/env/release/mysql_cn.php): failed to open stream: No such file or directory [file]: D:\www\kxgame_test\kernel\z.class.php [line]: 130
2019-08-21 06:19:05 | 1476 | 1566368345.150 | [type]: E_WARNING[msg]: include_once(): Failed opening 'APP_CONFIG/env/release/mysql_cn.php' for inclusion (include_path='.;C:\php\pear') [file]: D:\www\kxgame_test\kernel\z.class.php [line]: 130
2019-08-21 06:19:05 | 1476 | 1566368345.150 | [type]: E_NOTICE[msg]: Use of undefined constant APP_CONFIG - assumed 'APP_CONFIG' [file]: D:\www\kxgame_test\kernel\z.class.php [line]: 131
2019-08-21 06:19:05 | 1476 | 1566368345.150 | [type]: E_WARNING[msg]: include_once(APP_CONFIG/env/release/redis_cn.php): failed to open stream: No such file or directory [file]: D:\www\kxgame_test\kernel\z.class.php [line]: 131
2019-08-21 06:19:05 | 1476 | 1566368345.150 | [type]: E_WARNING[msg]: include_once(): Failed opening 'APP_CONFIG/env/release/redis_cn.php' for inclusion (include_path='.;C:\php\pear') [file]: D:\www\kxgame_test\kernel\z.class.php [line]: 131
2019-08-21 06:19:05 | 1476 | 1566368345.150 | [type]: E_NOTICE[msg]: Use of undefined constant APP_CONFIG - assumed 'APP_CONFIG' [file]: D:\www\kxgame_test\kernel\z.class.php [line]: 132
2019-08-21 06:19:05 | 1476 | 1566368345.151 | [type]: E_WARNING[msg]: include_once(APP_CONFIG/env/release/domain_cn.php): failed to open stream: No such file or directory [file]: D:\www\kxgame_test\kernel\z.class.php [line]: 132
2019-08-21 06:19:05 | 1476 | 1566368345.151 | [type]: E_WARNING[msg]: include_once(): Failed opening 'APP_CONFIG/env/release/domain_cn.php' for inclusion (include_path='.;C:\php\pear') [file]: D:\www\kxgame_test\kernel\z.class.php [line]: 132
2019-08-21 06:19:15 | 1476 | 1566368355.519 | [type]: E_NOTICE[msg]: Use of undefined constant APP_CONFIG - assumed 'APP_CONFIG' [file]: D:\www\kxgame_test\kernel\z.class.php [line]: 130
2019-08-21 06:19:15 | 1476 | 1566368355.520 | [type]: E_WARNING[msg]: include_once(APP_CONFIG/env/release/mysql_cn.php): failed to open stream: No such file or directory [file]: D:\www\kxgame_test\kernel\z.class.php [line]: 130
2019-08-21 06:19:15 | 1476 | 1566368355.520 | [type]: E_WARNING[msg]: include_once(): Failed opening 'APP_CONFIG/env/release/mysql_cn.php' for inclusion (include_path='.;C:\php\pear') [file]: D:\www\kxgame_test\kernel\z.class.php [line]: 130
2019-08-21 06:19:15 | 1476 | 1566368355.520 | [type]: E_NOTICE[msg]: Use of undefined constant APP_CONFIG - assumed 'APP_CONFIG' [file]: D:\www\kxgame_test\kernel\z.class.php [line]: 131
2019-08-21 06:19:15 | 1476 | 1566368355.520 | [type]: E_WARNING[msg]: include_once(APP_CONFIG/env/release/redis_cn.php): failed to open stream: No such file or directory [file]: D:\www\kxgame_test\kernel\z.class.php [line]: 131
2019-08-21 06:19:15 | 1476 | 1566368355.520 | [type]: E_WARNING[msg]: include_once(): Failed opening 'APP_CONFIG/env/release/redis_cn.php' for inclusion (include_path='.;C:\php\pear') [file]: D:\www\kxgame_test\kernel\z.class.php [line]: 131
2019-08-21 06:19:15 | 1476 | 1566368355.520 | [type]: E_NOTICE[msg]: Use of undefined constant APP_CONFIG - assumed 'APP_CONFIG' [file]: D:\www\kxgame_test\kernel\z.class.php [line]: 132
2019-08-21 06:19:15 | 1476 | 1566368355.520 | [type]: E_WARNING[msg]: include_once(APP_CONFIG/env/release/domain_cn.php): failed to open stream: No such file or directory [file]: D:\www\kxgame_test\kernel\z.class.php [line]: 132
2019-08-21 06:19:15 | 1476 | 1566368355.520 | [type]: E_WARNING[msg]: include_once(): Failed opening 'APP_CONFIG/env/release/domain_cn.php' for inclusion (include_path='.;C:\php\pear') [file]: D:\www\kxgame_test\kernel\z.class.php [line]: 132
2019-08-21 06:19:15 | 1476 | 1566368355.520 | [type]: E_NOTICE[msg]: Use of undefined constant APP_CONFIG - assumed 'APP_CONFIG' [file]: D:\www\kxgame_test\kernel\z.class.php [line]: 133
2019-08-21 06:19:31 | 1476 | 1566368371.380 | [type]: E_NOTICE[msg]: Use of undefined constant APP_CONFIG - assumed 'APP_CONFIG' [file]: D:\www\kxgame_test\kernel\z.class.php [line]: 133
2019-08-21 06:19:31 | 1476 | 1566368371.972 | [type]: E_NOTICE[msg]: Use of undefined constant APP_CONFIG - assumed 'APP_CONFIG' [file]: D:\www\kxgame_test\kernel\z.class.php [line]: 133
2019-08-21 06:19:32 | 1476 | 1566368372.270 | [type]: E_NOTICE[msg]: Use of undefined constant APP_CONFIG - assumed 'APP_CONFIG' [file]: D:\www\kxgame_test\kernel\z.class.php [line]: 133
2019-08-21 06:19:32 | 1476 | 1566368372.468 | [type]: E_NOTICE[msg]: Use of undefined constant APP_CONFIG - assumed 'APP_CONFIG' [file]: D:\www\kxgame_test\kernel\z.class.php [line]: 133
2019-08-21 06:19:32 | 1476 | 1566368372.839 | [type]: E_NOTICE[msg]: Use of undefined constant APP_CONFIG - assumed 'APP_CONFIG' [file]: D:\www\kxgame_test\kernel\z.class.php [line]: 133
2019-08-21 14:19:33 | 1476 | 1566368373.2 | [type]: E_NOTICE[msg]: Use of undefined constant APP_CONFIG - assumed 'APP_CONFIG' [file]: D:\www\kxgame_test\kernel\z.class.php [line]: 133
2019-08-21 06:19:33 | 1476 | 1566368373.195 | [type]: E_NOTICE[msg]: Use of undefined constant APP_CONFIG - assumed 'APP_CONFIG' [file]: D:\www\kxgame_test\kernel\z.class.php [line]: 133
2019-08-21 06:22:58 | 1476 | 1566368578.602 | [type]: E_NOTICE[msg]: Use of undefined constant QUERY_STRING - assumed 'QUERY_STRING' [file]: D:\www\kxgame_test\kernel\z.class.php [line]: 186
2019-08-21 06:22:58 | 1476 | 1566368578.602 | [type]: E_NOTICE[msg]: Undefined variable: script_file [file]: D:\www\kxgame_test\kernel\z.class.php [line]: 193
2019-08-21 06:23:10 | 1476 | 1566368590.235 | [type]: E_NOTICE[msg]: Use of undefined constant QUERY_STRING - assumed 'QUERY_STRING' [file]: D:\www\kxgame_test\kernel\z.class.php [line]: 186
2019-08-21 06:23:54 | 1476 | 1566368634.789 | [type]: E_NOTICE[msg]: Use of undefined constant QUERY_STRING - assumed 'QUERY_STRING' [file]: D:\www\kxgame_test\kernel\z.class.php [line]: 186
2019-08-21 06:27:36 | 1476 | 1566368856.706 | [type]: E_NOTICE[msg]: Use of undefined constant QUERY_STRING - assumed 'QUERY_STRING' [file]: D:\www\kxgame_test\kernel\z.class.php [line]: 184
2019-08-21 06:28:32 | 1476 | 1566368912.890 | [type]: E_NOTICE[msg]: Use of undefined constant QUERY_STRING - assumed 'QUERY_STRING' [file]: D:\www\kxgame_test\kernel\z.class.php [line]: 184
2019-08-21 06:28:32 | 1476 | 1566368912.890 | [type]: E_NOTICE[msg]: Use of undefined constant XXX - assumed 'XXX' [file]: D:\www\kxgame_test\kernel\z.class.php [line]: 198
2019-08-21 06:29:00 | 1476 | 1566368940.380 | [type]: E_NOTICE[msg]: Use of undefined constant QUERY_STRING - assumed 'QUERY_STRING' [file]: D:\www\kxgame_test\kernel\z.class.php [line]: 184
2019-08-21 06:29:00 | 1476 | 1566368940.380 | [type]: E_NOTICE[msg]: Use of undefined constant XXX - assumed 'XXX' [file]: D:\www\kxgame_test\kernel\z.class.php [line]: 198
2019-08-21 06:29:00 | 1476 | 1566368940.855 | [type]: E_NOTICE[msg]: Use of undefined constant QUERY_STRING - assumed 'QUERY_STRING' [file]: D:\www\kxgame_test\kernel\z.class.php [line]: 184
2019-08-21 06:29:00 | 1476 | 1566368940.856 | [type]: E_NOTICE[msg]: Use of undefined constant XXX - assumed 'XXX' [file]: D:\www\kxgame_test\kernel\z.class.php [line]: 198
2019-08-21 06:29:01 | 1476 | 1566368941.288 | [type]: E_NOTICE[msg]: Use of undefined constant QUERY_STRING - assumed 'QUERY_STRING' [file]: D:\www\kxgame_test\kernel\z.class.php [line]: 184
2019-08-21 06:29:01 | 1476 | 1566368941.289 | [type]: E_NOTICE[msg]: Use of undefined constant XXX - assumed 'XXX' [file]: D:\www\kxgame_test\kernel\z.class.php [line]: 198
2019-08-21 06:29:01 | 1476 | 1566368941.572 | [type]: E_NOTICE[msg]: Use of undefined constant QUERY_STRING - assumed 'QUERY_STRING' [file]: D:\www\kxgame_test\kernel\z.class.php [line]: 184
2019-08-21 06:29:01 | 1476 | 1566368941.572 | [type]: E_NOTICE[msg]: Use of undefined constant XXX - assumed 'XXX' [file]: D:\www\kxgame_test\kernel\z.class.php [line]: 198
2019-08-21 06:29:26 | 1476 | 1566368966.936 | [type]: E_NOTICE[msg]: Use of undefined constant QUERY_STRING - assumed 'QUERY_STRING' [file]: D:\www\kxgame_test\kernel\z.class.php [line]: 184
2019-08-21 06:29:50 | 1476 | 1566368990.901 | [type]: E_NOTICE[msg]: Use of undefined constant XXX - assumed 'XXX' [file]: D:\www\kxgame_test\kernel\z.class.php [line]: 198
